<?xml version="1.0" encoding="UTF-8"?>
<testsuite xmlns:xsi="http://www.w3.org/2001/XMLSchema-instance" xsi:noNamespaceSchemaLocation="https://maven.apache.org/surefire/maven-surefire-plugin/xsd/surefire-test-report.xsd" version="3.0.2" name="com.join.publisher.utils.UtilsTest" time="0.277" tests="25" errors="0" skipped="0" failures="0">
  <properties>
[...]
</properties>
  <testcase name="isCpfShouldReturnFalseForCpfWithInvalidCharacters" classname="com.join.publisher.utils.UtilsTest" time="0.005"/>
  <testcase name="isEmailShouldReturnFalseForInvalidEmails(String)[1]" classname="com.join.publisher.utils.UtilsTest" time="0.085"/>
  <testcase name="isEmailShouldReturnFalseForInvalidEmails(String)[2]" classname="com.join.publisher.utils.UtilsTest" time="0.001"/>
  <testcase name="isEmailShouldReturnFalseForInvalidEmails(String)[3]" classname="com.join.publisher.utils.UtilsTest" time="0.001"/>
  <testcase name="isEmailShouldReturnFalseForInvalidEmails(String)[4]" classname="com.join.publisher.utils.UtilsTest" time="0.001"/>
  <testcase name="isEmailShouldReturnFalseForInvalidEmails(String)[5]" classname="com.join.publisher.utils.UtilsTest" time="0.002"/>
  <testcase name="isEmailShouldReturnFalseForInvalidEmails(String)[6]" classname="com.join.publisher.utils.UtilsTest" time="0.002"/>
  <testcase name="isCpfShouldReturnFalseForCpfWithWrongFormat" classname="com.join.publisher.utils.UtilsTest" time="0.001"/>
  <testcase name="isEmailShouldReturnTrueForValidEmails(String)[1]" classname="com.join.publisher.utils.UtilsTest" time="0.002"/>
  <testcase name="isEmailShouldReturnTrueForValidEmails(String)[2]" classname="com.join.publisher.utils.UtilsTest" time="0.002"/>
  <testcase name="isEmailShouldReturnTrueForValidEmails(String)[3]" classname="com.join.publisher.utils.UtilsTest" time="0.001"/>
  <testcase name="isEmailShouldReturnTrueForValidEmails(String)[4]" classname="com.join.publisher.utils.UtilsTest" time="0.002"/>
  <testcase name="isCpfShouldReturnTrueForValidCpfs(String)[1]" classname="com.join.publisher.utils.UtilsTest" time="0.002"/>
  <testcase name="isCpfShouldReturnTrueForValidCpfs(String)[2]" classname="com.join.publisher.utils.UtilsTest" time="0.002"/>
  <testcase name="isCpfShouldReturnTrueForValidCpfs(String)[3]" classname="com.join.publisher.utils.UtilsTest" time="0.001"/>
  <testcase name="isCpfShouldReturnFalseForNull" classname="com.join.publisher.utils.UtilsTest" time="0.001"/>
  <testcase name="isEmailShouldReturnFalseForNull" classname="com.join.publisher.utils.UtilsTest" time="0.001"/>
  <testcase name="isCpfShouldReturnFalseForInvalidCpfs(String)[1]" classname="com.join.publisher.utils.UtilsTest" time="0.002"/>
  <testcase name="isCpfShouldReturnFalseForInvalidCpfs(String)[2]" classname="com.join.publisher.utils.UtilsTest" time="0.001"/>
  <testcase name="isCpfShouldReturnFalseForInvalidCpfs(String)[3]" classname="com.join.publisher.utils.UtilsTest" time="0.001"/>
  <testcase name="isCpfShouldReturnFalseForInvalidCpfs(String)[4]" classname="com.join.publisher.utils.UtilsTest" time="0.001"/>
  <testcase name="isCpfShouldReturnFalseForInvalidCpfs(String)[5]" classname="com.join.publisher.utils.UtilsTest" time="0.001"/>
  <testcase name="isCpfShouldReturnFalseForInvalidCpfs(String)[6]" classname="com.join.publisher.utils.UtilsTest" time="0.001"/>
  <testcase name="isCpfShouldReturnFalseForInvalidCpfs(String)[7]" classname="com.join.publisher.utils.UtilsTest" time="0.002"/>
  <testcase name="isCpfShouldReturnFalseForInvalidCpfs(String)[8]" classname="com.join.publisher.utils.UtilsTest" time="0.001"/>
</testsuite>